0 info it worked if it ends with ok
1 verbose cli [ 'c:\\Program Files\\nodejs\\node.exe',
1 verbose cli   'c:\\Program Files\\nodejs\\node_modules\\npm\\bin\\npm-cli.js',
1 verbose cli   'start' ]
2 info using npm@3.3.12
3 info using node@v5.3.0
4 verbose run-script [ 'prestart', 'start', 'poststart' ]
5 info lifecycle forklift@0.0.0~prestart: forklift@0.0.0
6 silly lifecycle forklift@0.0.0~prestart: no script for prestart, continuing
7 info lifecycle forklift@0.0.0~start: forklift@0.0.0
8 verbose lifecycle forklift@0.0.0~start: unsafe-perm in lifecycle true
9 verbose lifecycle forklift@0.0.0~start: PATH: c:\Program Files\nodejs\node_modules\npm\bin\node-gyp-bin;d:\forklift\forklift\node_modules\.bin;c:\Users\Maxim\bin;.;C:\Program Files (x86)\Git\local\bin;C:\Program Files (x86)\Git\mingw\bin;C:\Program Files (x86)\Git\bin;c:\cmder_mini\vendor\conemu-maximus5\ConEmu\Scripts;c:\cmder_mini\vendor\conemu-maximus5;c:\cmder_mini\vendor\conemu-maximus5\ConEmu;c:\ProgramData\Oracle\Java\javapath;c:\Program Files\Common Files\Microsoft Shared\Windows Live;c:\Program Files (x86)\Common Files\Microsoft Shared\Windows Live;c:\PROGRA~2\Borland\CBUILD~1\Bin;c:\PROGRA~2\Borland\CBUILD~1\Projects\Bpl;c:\Windows\system32;c:\Windows;c:\Windows\System32\Wbem;c:\Windows\System32\WindowsPowerShell\v1.0\;c:\Program Files (x86)\MacType;c:\Program Files (x86)\Windows Live\Shared;c:\Program Files (x86)\NVIDIA Corporation\PhysX\Common;c:\Program Files\nodejs\;c:\Program Files\Calibre2\;c:\Program Files (x86)\MySQL\MySQL Fabric 1.5 & MySQL Utilities 1.5\;c:\Program Files (x86)\MySQL\MySQL Fabric 1.5 & MySQL Utilities 1.5\Doctrine extensions for PHP\;c:\Program Files (x86)\Java\jdk1.8.0_25\bin\;c:\Users\Maxim\AppData\Roaming\npm;c:\Program Files\Sublime Text 3;c:\Users\Maxim\AppData\Local\atom\bin
10 verbose lifecycle forklift@0.0.0~start: CWD: d:\forklift\forklift
11 silly lifecycle forklift@0.0.0~start: Args: [ '/d /s /c', 'supervisor ./bin/www' ]
12 silly lifecycle forklift@0.0.0~start: Returned: code: 1  signal: null
13 info lifecycle forklift@0.0.0~start: Failed to exec start script
14 verbose stack Error: forklift@0.0.0 start: `supervisor ./bin/www`
14 verbose stack Exit status 1
14 verbose stack     at EventEmitter.<anonymous> (c:\Program Files\nodejs\node_modules\npm\lib\utils\lifecycle.js:232:16)
14 verbose stack     at emitTwo (events.js:87:13)
14 verbose stack     at EventEmitter.emit (events.js:172:7)
14 verbose stack     at ChildProcess.<anonymous> (c:\Program Files\nodejs\node_modules\npm\lib\utils\spawn.js:24:14)
14 verbose stack     at emitTwo (events.js:87:13)
14 verbose stack     at ChildProcess.emit (events.js:172:7)
14 verbose stack     at maybeClose (internal/child_process.js:818:16)
14 verbose stack     at Process.ChildProcess._handle.onexit (internal/child_process.js:211:5)
15 verbose pkgid forklift@0.0.0
16 verbose cwd d:\forklift\forklift
17 error Windows_NT 6.1.7601
18 error argv "c:\\Program Files\\nodejs\\node.exe" "c:\\Program Files\\nodejs\\node_modules\\npm\\bin\\npm-cli.js" "start"
19 error node v5.3.0
20 error npm  v3.3.12
21 error code ELIFECYCLE
22 error forklift@0.0.0 start: `supervisor ./bin/www`
22 error Exit status 1
23 error Failed at the forklift@0.0.0 start script 'supervisor ./bin/www'.
23 error Make sure you have the latest version of node.js and npm installed.
23 error If you do, this is most likely a problem with the forklift package,
23 error not with npm itself.
23 error Tell the author that this fails on your system:
23 error     supervisor ./bin/www
23 error You can get their info via:
23 error     npm owner ls forklift
23 error There is likely additional logging output above.
24 verbose exit [ 1, true ]
